c:\dev\fluidsim\x64\debug\vc143.pdb
c:\dev\fluidsim\x64\debug\vc143.idb
c:\dev\fluidsim\x64\debug\glad.obj
c:\dev\fluidsim\x64\debug\openglrenderer.obj
c:\dev\fluidsim\x64\debug\main.obj
c:\dev\fluidsim\x64\debug\grid.obj
c:\dev\fluidsim\x64\debug\fluidsolver.obj
c:\dev\fluidsim\x64\debug\fluidsim.pdb
c:\dev\fluidsim\x64\debug\fluidsim.tlog\cl.command.1.tlog
c:\dev\fluidsim\x64\debug\fluidsim.tlog\cl.read.1.tlog
c:\dev\fluidsim\x64\debug\fluidsim.tlog\cl.write.1.tlog
c:\dev\fluidsim\x64\debug\fluidsim.tlog\link-cvtres.read.1.tlog
c:\dev\fluidsim\x64\debug\fluidsim.tlog\link-cvtres.write.1.tlog
c:\dev\fluidsim\x64\debug\fluidsim.tlog\link-rc.read.1.tlog
c:\dev\fluidsim\x64\debug\fluidsim.tlog\link-rc.write.1.tlog
c:\dev\fluidsim\x64\debug\fluidsim.tlog\link.command.1.tlog
c:\dev\fluidsim\x64\debug\fluidsim.tlog\link.read.1.tlog
c:\dev\fluidsim\x64\debug\fluidsim.tlog\link.read.2.tlog
c:\dev\fluidsim\x64\debug\fluidsim.tlog\link.read.3.tlog
c:\dev\fluidsim\x64\debug\fluidsim.tlog\link.read.5.tlog
c:\dev\fluidsim\x64\debug\fluidsim.tlog\link.write.1.tlog
